2011-05-29 18:38:57 Error: Fatal Error (256): ConnectionManager::getDataSource - Non-existent data source default in [/Users/triho/WebSites/cake/libs/model/connection_manager.php, line 102]
2011-05-29 18:38:58 Error: Fatal Error (256): ConnectionManager::getDataSource - Non-existent data source default in [/Users/triho/WebSites/cake/libs/model/connection_manager.php, line 102]
2011-05-29 19:04:30 Warning: Warning (512): <span style="color:Red;text-align:left"><b>SQL Error:</b> 1054: Unknown column 'Expense.user_id' in 'on clause'</span> in [/Users/triho/WebSites/cake/libs/model/datasources/dbo_source.php, line 684]
2011-05-29 19:04:30 Warning: Warning (2): Invalid argument supplied for foreach() in [/Users/triho/WebSites/cake/libs/view/scaffolds/index.ctp, line 31]
2011-05-29 19:57:20 Warning: Warning (512): Could not find AclComponent. Please include Acl in Controller::$components. in [/Users/triho/WebSites/cake/libs/controller/components/auth.php, line 421]
2011-05-31 02:36:08 Warning: Warning (2): array_merge() [<a href='http://php.net/function.array-merge'>function.array-merge</a>]: Argument #1 is not an array in [/Users/triho/WebSites/cake/libs/view/helpers/paginator.php, line 194]
2011-05-31 02:36:08 Warning: Warning (2): array_merge() [<a href='http://php.net/function.array-merge'>function.array-merge</a>]: Argument #1 is not an array in [/Users/triho/WebSites/cake/libs/view/helpers/paginator.php, line 378]
2011-05-31 02:38:54 Warning: Warning (2): array_merge() [<a href='http://php.net/function.array-merge'>function.array-merge</a>]: Argument #1 is not an array in [/Users/triho/WebSites/cake/libs/view/helpers/paginator.php, line 194]
2011-05-31 02:38:54 Warning: Warning (2): array_merge() [<a href='http://php.net/function.array-merge'>function.array-merge</a>]: Argument #1 is not an array in [/Users/triho/WebSites/cake/libs/view/helpers/paginator.php, line 378]
2011-05-31 03:43:22 Warning: Warning (2): date() expects parameter 2 to be long, string given in [/Users/triho/WebSites/app/monthly_budget_management/views/expenses/edit.ctp, line 8]
2011-05-31 03:44:10 Warning: Warning (2): Missing argument 1 for ExpensesController::edit() in [/Users/triho/WebSites/app/monthly_budget_management/controllers/expenses_controller.php, line 51]
2011-06-02 03:19:46 Warning: Warning (2): Cannot modify header information - headers already sent by (output started at /Users/triho/WebSites/cake/libs/debugger.php:673) in [/Users/triho/WebSites/cake/libs/controller/controller.php, line 742]
2011-06-03 02:54:58 Warning: Warning (2): Cannot modify header information - headers already sent by (output started at /Users/triho/WebSites/cake/libs/debugger.php:673) in [/Users/triho/WebSites/cake/libs/controller/controller.php, line 742]
2011-06-04 04:03:49 Warning: Warning (512): <span style="color:Red;text-align:left"><b>SQL Error:</b> 1054: Unknown column 'User.id' in 'where clause'</span> in [/Users/triho/WebSites/cake/libs/model/datasources/dbo_source.php, line 684]
2011-06-04 04:05:24 Warning: Warning (512): <span style="color:Red;text-align:left"><b>SQL Error:</b> 1054: Unknown column 'user_id' in 'where clause'</span> in [/Users/triho/WebSites/cake/libs/model/datasources/dbo_source.php, line 684]
2011-06-04 04:08:14 Warning: Warning (512): <span style="color:Red;text-align:left"><b>SQL Error:</b> 1054: Unknown column 'groups_users.user_id' in 'where clause'</span> in [/Users/triho/WebSites/cake/libs/model/datasources/dbo_source.php, line 684]
2011-06-04 04:12:29 Warning: Warning (512): <span style="color:Red;text-align:left"><b>SQL Error:</b> 1054: Unknown column 'Group.id' in 'field list'</span> in [/Users/triho/WebSites/cake/libs/model/datasources/dbo_source.php, line 684]
2011-06-04 04:12:41 Warning: Warning (512): <span style="color:Red;text-align:left"><b>SQL Error:</b> 1054: Unknown column 'Group.id' in 'field list'</span> in [/Users/triho/WebSites/cake/libs/model/datasources/dbo_source.php, line 684]
2011-06-04 04:12:47 Warning: Warning (512): <span style="color:Red;text-align:left"><b>SQL Error:</b> 1054: Unknown column 'Group.id' in 'field list'</span> in [/Users/triho/WebSites/cake/libs/model/datasources/dbo_source.php, line 684]
2011-06-04 04:16:16 Warning: Warning (512): <span style="color:Red;text-align:left"><b>SQL Error:</b> 1054: Unknown column 'Group.id' in 'field list'</span> in [/Users/triho/WebSites/cake/libs/model/datasources/dbo_source.php, line 684]
2011-06-04 04:29:20 Warning: Warning (512): <span style="color:Red;text-align:left"><b>SQL Error:</b> 1054: Unknown column 'User.id' in 'where clause'</span> in [/Users/triho/WebSites/cake/libs/model/datasources/dbo_source.php, line 684]
2011-06-04 04:30:40 Warning: Warning (512): <span style="color:Red;text-align:left"><b>SQL Error:</b> 1054: Unknown column 'Group.id' in 'field list'</span> in [/Users/triho/WebSites/cake/libs/model/datasources/dbo_source.php, line 684]
2011-06-04 15:00:44 Warning: Warning (512): <span style="color:Red;text-align:left"><b>SQL Error:</b> 1054: Unknown column 'Group.id' in 'field list'</span> in [/Users/triho/WebSites/cake/libs/model/datasources/dbo_source.php, line 684]
2011-06-04 15:03:59 Warning: Warning (512): <span style="color:Red;text-align:left"><b>SQL Error:</b> 1054: Unknown column 'Array' in 'on clause'</span> in [/Users/triho/WebSites/cake/libs/model/datasources/dbo_source.php, line 684]
2011-06-04 15:59:50 Warning: Warning (512): <span style="color:Red;text-align:left"><b>SQL Error:</b> 1054: Unknown column 'Array' in 'on clause'</span> in [/Users/triho/WebSites/cake/libs/model/datasources/dbo_source.php, line 684]
2011-06-04 16:15:21 Warning: Warning (512): <span style="color:Red;text-align:left"><b>SQL Error:</b> 1054: Unknown column 'UsersGroup' in 'on clause'</span> in [/Users/triho/WebSites/cake/libs/model/datasources/dbo_source.php, line 684]
2011-06-04 16:38:37 Warning: Warning (512): Controller::paginate() - can't find model all in controller GroupsController in [/Users/triho/WebSites/cake/libs/controller/controller.php, line 1102]
2011-06-04 16:39:02 Warning: Warning (512): <span style="color:Red;text-align:left"><b>SQL Error:</b> 1054: Unknown column 'fields' in 'where clause'</span> in [/Users/triho/WebSites/cake/libs/model/datasources/dbo_source.php, line 684]
2011-06-04 17:11:36 Warning: Warning (512): <span style="color:Red;text-align:left"><b>SQL Error:</b> 1054: Unknown column 'User.0' in 'field list'</span> in [/Users/triho/WebSites/cake/libs/model/datasources/dbo_source.php, line 684]
2011-06-04 17:15:16 Warning: Warning (512): <span style="color:Red;text-align:left"><b>SQL Error:</b> 1054: Unknown column 'User.first_name User.last_name' in 'field list'</span> in [/Users/triho/WebSites/cake/libs/model/datasources/dbo_source.php, line 684]
2011-06-04 17:20:21 Warning: Warning (512): <span style="color:Red;text-align:left"><b>SQL Error:</b> 1054: Unknown column 'User.' in 'field list'</span> in [/Users/triho/WebSites/cake/libs/model/datasources/dbo_source.php, line 684]
2011-06-04 17:20:51 Warning: Warning (512): <span style="color:Red;text-align:left"><b>SQL Error:</b> 1054: Unknown column 'User.' in 'field list'</span> in [/Users/triho/WebSites/cake/libs/model/datasources/dbo_source.php, line 684]
2011-06-05 20:03:06 Warning: Warning (512): <span style="color:Red;text-align:left"><b>SQL Error:</b> 1054: Unknown column 'Array' in 'where clause'</span> in [/Users/triho/WebSites/cake/libs/model/datasources/dbo_source.php, line 684]
2011-06-06 01:37:07 Warning: Warning (512): Could not find validation handler check_password_confirmation for password in [/Users/triho/WebSites/cake/libs/model/model.php, line 2613]
2011-06-06 01:37:07 Warning: Warning (512): Could not find validation handler check_password for old_password in [/Users/triho/WebSites/cake/libs/model/model.php, line 2613]
2011-06-06 04:17:53 Warning: Warning (512): <span style="color:Red;text-align:left"><b>SQL Error:</b> 1064: You have an error in your SQL syntax; check the manual that corresponds to your MySQL server version for the right syntax to use near 'generate_new_password' at line 1</span> in [/Users/triho/WebSites/cake/libs/model/datasources/dbo_source.php, line 684]
2011-06-06 04:17:53 Warning: Warning (512): <span style="color:Red;text-align:left"><b>SQL Error:</b> 1064: You have an error in your SQL syntax; check the manual that corresponds to your MySQL server version for the right syntax to use near 'md5_password' at line 1</span> in [/Users/triho/WebSites/cake/libs/model/datasources/dbo_source.php, line 684]
2011-06-06 04:20:22 Warning: Warning (512): <span style="color:Red;text-align:left"><b>SQL Error:</b> 1064: You have an error in your SQL syntax; check the manual that corresponds to your MySQL server version for the right syntax to use near 'generate_new_password' at line 1</span> in [/Users/triho/WebSites/cake/libs/model/datasources/dbo_source.php, line 684]
2011-06-06 04:20:22 Warning: Warning (512): <span style="color:Red;text-align:left"><b>SQL Error:</b> 1064: You have an error in your SQL syntax; check the manual that corresponds to your MySQL server version for the right syntax to use near 'md5_password' at line 1</span> in [/Users/triho/WebSites/cake/libs/model/datasources/dbo_source.php, line 684]
